<?xml version="1.0" encoding="UTF-8"?>
<!-- Generated by org.testng.reporters.JUnitXMLReporter -->
<testsuite hostname="Ravi.local" ignored="0" name="Default test(failed)" tests="3" failures="0" timestamp="2020-07-07T09:29:25 IST" time="1.472" errors="0">
  <testcase name="fillForm" time="0.007" classname="com.dataprovider.test.GetData"/>
  <testcase name="fillForm" time="0.002" classname="com.dataprovider.test.GetData"/>
  <testcase name="fillForm" time="0.001" classname="com.dataprovider.test.GetData"/>
</testsuite> <!-- Default test(failed) -->
