<?xml version="1.0" encoding="UTF-8"?>
<!-- Generated by org.testng.reporters.JUnitXMLReporter -->
<testsuite hostname="LAPTOP-7FEBO63T" ignored="0" name="Default test" tests="6" failures="0" timestamp="31 Aug 2020 02:29:35 GMT" time="0.183" errors="0">
  <testcase name="setData" time="0.028" classname="com.dataprovider.DataproviderExample"/>
  <testcase name="setData" time="0.008" classname="com.dataprovider.DataproviderExample"/>
  <testcase name="setData" time="0.004" classname="com.dataprovider.DataproviderExample"/>
  <testcase name="setData1" time="0.0" classname="com.dataprovider.DataproviderExample"/>
  <testcase name="setData1" time="0.015" classname="com.dataprovider.DataproviderExample"/>
  <testcase name="setData1" time="0.012" classname="com.dataprovider.DataproviderExample"/>
</testsuite> <!-- Default test -->
