<?xml version="1.0" encoding="UTF-8"?>
<testng-results skipped="0" failed="0" ignored="0" total="1" passed="1">
  <reporter-output>
  </reporter-output>
  <suite name="Default suite" duration-ms="120" started-at="2020-07-11T13:21:20 IST" finished-at="2020-07-11T13:21:20 IST">
    <groups>
    </groups>
    <test name="Default test" duration-ms="120" started-at="2020-07-11T13:21:20 IST" finished-at="2020-07-11T13:21:20 IST">
      <class name="com.pgrm.practice.RunTimePoly">
        <test-method status="PASS" signature="test()[pri:0, instance:com.pgrm.practice.RunTimePoly@4f970963]" name="test" duration-ms="17" started-at="2020-07-11T13:21:20 IST" finished-at="2020-07-11T13:21:20 IST">
          <reporter-output>
          </reporter-output>
        </test-method> <!-- test -->
      </class> <!-- com.pgrm.practice.RunTimePoly -->
    </test> <!-- Default test -->
  </suite> <!-- Default suite -->
</testng-results>
